SLF4J: Class path contains multiple SLF4J bindings.
SLF4J: Found binding in [jar:file:/home/user/webapp/target/egov-bus-0.0.1-SNAPSHOT.jar!/BOOT-INF/lib/logback-classic-1.2.12.jar!/org/slf4j/impl/StaticLoggerBinder.class]
SLF4J: Found binding in [jar:file:/home/user/webapp/target/egov-bus-0.0.1-SNAPSHOT.jar!/BOOT-INF/lib/log4j-slf4j-impl-2.17.2.jar!/org/slf4j/impl/StaticLoggerBinder.class]
SLF4J: See http://www.slf4j.org/codes.html#multiple_bindings for an explanation.
SLF4J: Actual binding is of type [ch.qos.logback.classic.util.ContextSelectorStaticBinder]

  .   ____          _            __ _ _
 /\\ / ___'_ __ _ _(_)_ __  __ _ \ \ \ \
( ( )\___ | '_ | '_| | '_ \/ _` | \ \ \ \
 \\/  ___)| |_)| | | | | || (_| |  ) ) ) )
  '  |____| .__|_| |_|_| |_\__, | / / / /
 =========|_|==============|___/=/_/_/_/
 :: Spring Boot ::               (v2.7.18)

2025-08-29 12:45:42 - Starting EgovBusApplication using Java 17.0.15 on e2b.local with PID 9842 (/home/user/webapp/target/egov-bus-0.0.1-SNAPSHOT.jar started by user in /home/user/webapp)
2025-08-29 12:45:42 - Running with Spring Boot v2.7.18, Spring v5.3.31
2025-08-29 12:45:42 - No active profile set, falling back to 1 default profile: "default"
2025-08-29 12:45:43 - Bootstrapping Spring Data JPA repositories in DEFAULT mode.
2025-08-29 12:45:44 - Finished Spring Data repository scanning in 304 ms. Found 8 JPA repository interfaces.
2025-08-29 12:45:45 - Tomcat initialized with port(s): 8080 (http)
2025-08-29 12:45:45 - Starting service [Tomcat]
2025-08-29 12:45:45 - Starting Servlet engine: [Apache Tomcat/9.0.83]
2025-08-29 12:45:46 - Initializing Spring embedded WebApplicationContext
2025-08-29 12:45:46 - Root WebApplicationContext: initialization completed in 3571 ms
2025-08-29 12:45:46 - HikariPool-1 - Starting...
2025-08-29 12:45:46 - HikariPool-1 - Start completed.
2025-08-29 12:45:46 - H2 console available at '/h2-console'. Database available at 'jdbc:h2:mem:busdb'
2025-08-29 12:45:46 - HHH000204: Processing PersistenceUnitInfo [name: default]
2025-08-29 12:45:46 - HHH000412: Hibernate ORM core version 5.6.15.Final
2025-08-29 12:45:47 - HCANN000001: Hibernate Commons Annotations {5.1.2.Final}
2025-08-29 12:45:47 - HHH000400: Using dialect: org.hibernate.dialect.H2Dialect
2025-08-29 12:45:48 - 
    
    create table bus_locations (
       id bigint generated by default as identity,
        heading double,
        latitude double not null,
        longitude double not null,
        nearest_stop varchar(255),
        passengers integer,
        speed double,
        timestamp timestamp,
        bus_id bigint not null,
        primary key (id)
    )
2025-08-29 12:45:48 - 
    
    create table buses (
       id bigint generated by default as identity,
        bus_number varchar(255) not null,
        capacity integer not null,
        current_latitude double,
        current_longitude double,
        current_passengers integer,
        driver_name varchar(255),
        driver_phone varchar(255),
        estimated_arrival integer,
        last_updated timestamp,
        license_plate varchar(255) not null,
        next_stop varchar(255),
        speed double,
        status varchar(255),
        driver_id bigint,
        route_id bigint,
        primary key (id)
    )
2025-08-29 12:45:48 - 
    
    create table bus_position (
       id bigint generated by default as identity,
        latitude double not null,
        longitude double not null,
        speed_kph double not null,
        timestamp timestamp,
        bus_id bigint not null,
        primary key (id)
    )
2025-08-29 12:45:48 - 
    
    create table notifications (
       id bigint generated by default as identity,
        created_at timestamp,
        estimated_minutes integer,
        is_read boolean,
        is_sent boolean,
        message varchar(500),
        message_amharic varchar(255),
        read_at timestamp,
        sent_at timestamp,
        stop_name varchar(255),
        title varchar(255),
        type varchar(255),
        bus_id bigint,
        user_id bigint not null,
        primary key (id)
    )
2025-08-29 12:45:48 - 
    
    create table payments (
       id bigint generated by default as identity,
        amount numeric(10,2) not null,
        cbe_account_number varchar(255),
        confirmation_time timestamp,
        is_refunded boolean,
        mpesa_code varchar(255),
        payment_method varchar(255),
        payment_time timestamp,
        receipt_number varchar(255),
        refund_amount numeric(19,2),
        refund_reason varchar(255),
        refund_time timestamp,
        status varchar(255),
        telebirr_transaction_id varchar(255),
        transaction_id varchar(255),
        reservation_id bigint,
        user_id bigint not null,
        primary key (id)
    )
2025-08-29 12:45:48 - 
    
    create table reservations (
       id bigint generated by default as identity,
        alighting_stop varchar(255) not null,
        boarding_stop varchar(255) not null,
        confirmation_code varchar(255),
        notification_sent boolean,
        qr_code varchar(255),
        reservation_time timestamp,
        scheduled_departure_time timestamp,
        seat_number integer,
        status varchar(255),
        bus_id bigint not null,
        passenger_id bigint not null,
        route_id bigint not null,
        primary key (id)
    )
2025-08-29 12:45:48 - 
    
    create table route_stops (
       route_id bigint not null,
        stop_name varchar(255)
    )
2025-08-29 12:45:48 - 
    
    create table routes (
       id bigint generated by default as identity,
        end_point varchar(255),
        estimated_time integer,
        fare double,
        is_active boolean,
        operating_hours varchar(255),
        route_name varchar(255) not null,
        route_number varchar(255) not null,
        start_point varchar(255),
        total_distance double,
        primary key (id)
    )
2025-08-29 12:45:48 - 
    
    create table users (
       id bigint generated by default as identity,
        created_at timestamp,
        driver_license_number varchar(255),
        email varchar(255),
        full_name varchar(255),
        is_active boolean,
        last_login timestamp,
        license_expiry_date timestamp,
        password varchar(255) not null,
        phone_number varchar(255) not null,
        preferred_language varchar(255),
        push_notifications boolean,
        role varchar(255),
        sms_notifications boolean,
        username varchar(255) not null,
        primary key (id)
    )
2025-08-29 12:45:48 - 
    
    alter table buses 
       drop constraint if exists UK_f0wpejbtx1fk17hi1t6ba5vbv
2025-08-29 12:45:48 - 
    
    alter table buses 
       add constraint UK_f0wpejbtx1fk17hi1t6ba5vbv unique (bus_number)
2025-08-29 12:45:48 - 
    
    alter table routes 
       drop constraint if exists UK_1yyhs6ni5jd9tam8wp5vsqnsc
2025-08-29 12:45:48 - 
    
    alter table routes 
       add constraint UK_1yyhs6ni5jd9tam8wp5vsqnsc unique (route_number)
2025-08-29 12:45:48 - 
    
    alter table users 
       drop constraint if exists UK_6dotkott2kjsp8vw4d0m25fb7
2025-08-29 12:45:48 - 
    
    alter table users 
       add constraint UK_6dotkott2kjsp8vw4d0m25fb7 unique (email)
2025-08-29 12:45:48 - 
    
    alter table users 
       drop constraint if exists UK_9q63snka3mdh91as4io72espi
2025-08-29 12:45:48 - 
    
    alter table users 
       add constraint UK_9q63snka3mdh91as4io72espi unique (phone_number)
2025-08-29 12:45:48 - 
    
    alter table users 
       drop constraint if exists UK_r43af9ap4edm43mmtq01oddj6
2025-08-29 12:45:48 - 
    
    alter table users 
       add constraint UK_r43af9ap4edm43mmtq01oddj6 unique (username)
2025-08-29 12:45:48 - 
    
    alter table bus_locations 
       add constraint FKlj5f60d8cknlqlog6src21rq6 
       foreign key (bus_id) 
       references buses
2025-08-29 12:45:48 - 
    
    alter table buses 
       add constraint FKli032qagm3fvggrxgouglyg2f 
       foreign key (driver_id) 
       references users
2025-08-29 12:45:48 - 
    
    alter table buses 
       add constraint FKryb7cf7s26rht8lyp8ry0ek0g 
       foreign key (route_id) 
       references routes
2025-08-29 12:45:48 - 
    
    alter table bus_position 
       add constraint FKqwhscufu9t8d5213h7xxwu5vg 
       foreign key (bus_id) 
       references buses
2025-08-29 12:45:48 - 
    
    alter table notifications 
       add constraint FKcs53ktrupaclgmchbv5p6fqbc 
       foreign key (bus_id) 
       references buses
2025-08-29 12:45:48 - 
    
    alter table notifications 
       add constraint FK9y21adhxn0ayjhfocscqox7bh 
       foreign key (user_id) 
       references users
2025-08-29 12:45:48 - 
    
    alter table payments 
       add constraint FKp8yh4sjt3u0g6aru1oxfh3o14 
       foreign key (reservation_id) 
       references reservations
2025-08-29 12:45:48 - 
    
    alter table payments 
       add constraint FKj94hgy9v5fw1munb90tar2eje 
       foreign key (user_id) 
       references users
2025-08-29 12:45:48 - 
    
    alter table reservations 
       add constraint FK6nwgb8jypwl2a8ujo68erdug2 
       foreign key (bus_id) 
       references buses
2025-08-29 12:45:48 - 
    
    alter table reservations 
       add constraint FKk1pgic6fannoaxdw56ogumax6 
       foreign key (passenger_id) 
       references users
2025-08-29 12:45:48 - 
    
    alter table reservations 
       add constraint FK5fl4ojhgvxas2ij8ac1624ejb 
       foreign key (route_id) 
       references routes
2025-08-29 12:45:48 - 
    
    alter table route_stops 
       add constraint FK63y33daxb1qs5nbnkuicbpkej 
       foreign key (route_id) 
       references routes
2025-08-29 12:45:48 - HHH000490: Using JtaPlatform implementation: [org.hibernate.engine.transaction.jta.platform.internal.NoJtaPlatform]
2025-08-29 12:45:48 - Initialized JPA EntityManagerFactory for persistence unit 'default'
2025-08-29 12:45:50 - Initializing bus location simulator...
2025-08-29 12:45:50 - 
    /* select
        generatedAlias0 
    from
        Bus as generatedAlias0 */ select
            bus0_.id as id1_1_,
            bus0_.bus_number as bus_numb2_1_,
            bus0_.capacity as capacity3_1_,
            bus0_.current_latitude as current_4_1_,
            bus0_.current_longitude as current_5_1_,
            bus0_.current_passengers as current_6_1_,
            bus0_.driver_id as driver_15_1_,
            bus0_.driver_name as driver_n7_1_,
            bus0_.driver_phone as driver_p8_1_,
            bus0_.estimated_arrival as estimate9_1_,
            bus0_.last_updated as last_up10_1_,
            bus0_.license_plate as license11_1_,
            bus0_.next_stop as next_st12_1_,
            bus0_.route_id as route_i16_1_,
            bus0_.speed as speed13_1_,
            bus0_.status as status14_1_ 
        from
            buses bus0_
2025-08-29 12:45:50 - No buses found. Skipping initialization.
2025-08-29 12:45:50 - 

Using generated security password: e67db7f7-8064-45ed-bf6c-59a325e09090

This generated password is for development use only. Your security configuration must be updated before running your application in production.

2025-08-29 12:45:51 - Will secure any request with [org.springframework.security.web.session.DisableEncodeUrlFilter@101ca8da, org.springframework.security.web.context.request.async.WebAsyncManagerIntegrationFilter@20a967fe, org.springframework.security.web.context.SecurityContextPersistenceFilter@999b951, org.springframework.security.web.header.HeaderWriterFilter@5ec1963c, org.springframework.security.web.authentication.logout.LogoutFilter@483b0690, org.springframework.security.web.savedrequest.RequestCacheAwareFilter@1b410308, org.springframework.security.web.servletapi.SecurityContextHolderAwareRequestFilter@4b0bd001, org.springframework.security.web.authentication.AnonymousAuthenticationFilter@405b6d75, org.springframework.security.web.session.SessionManagementFilter@4a44cfc0, org.springframework.security.web.access.ExceptionTranslationFilter@36e43829, org.springframework.security.web.access.intercept.FilterSecurityInterceptor@2582b0ef]
2025-08-29 12:45:51 - Adding welcome page: class path resource [static/index.html]
2025-08-29 12:45:51 - Tomcat started on port(s): 8080 (http) with context path ''
2025-08-29 12:45:51 - Starting...
2025-08-29 12:45:51 - BrokerAvailabilityEvent[available=true, SimpleBrokerMessageHandler [org.springframework.messaging.simp.broker.DefaultSubscriptionRegistry@47b269c4]]
2025-08-29 12:45:51 - Started.
2025-08-29 12:45:51 - Started EgovBusApplication in 10.886 seconds (JVM running for 11.668)
2025-08-29 12:45:51 - 
    /* select
        generatedAlias0 
    from
        Bus as generatedAlias0 */ select
            bus0_.id as id1_1_,
            bus0_.bus_number as bus_numb2_1_,
            bus0_.capacity as capacity3_1_,
            bus0_.current_latitude as current_4_1_,
            bus0_.current_longitude as current_5_1_,
            bus0_.current_passengers as current_6_1_,
            bus0_.driver_id as driver_15_1_,
            bus0_.driver_name as driver_n7_1_,
            bus0_.driver_phone as driver_p8_1_,
            bus0_.estimated_arrival as estimate9_1_,
            bus0_.last_updated as last_up10_1_,
            bus0_.license_plate as license11_1_,
            bus0_.next_stop as next_st12_1_,
            bus0_.route_id as route_i16_1_,
            bus0_.speed as speed13_1_,
            bus0_.status as status14_1_ 
        from
            buses bus0_
================================================
  Ethiopia Bus Monitoring System Started!
  Access: http://localhost:8080
================================================
2025-08-29 12:45:51 - 
    /* select
        generatedAlias0 
    from
        Bus as generatedAlias0 
    where
        generatedAlias0.status=:param0 */ select
            bus0_.id as id1_1_,
            bus0_.bus_number as bus_numb2_1_,
            bus0_.capacity as capacity3_1_,
            bus0_.current_latitude as current_4_1_,
            bus0_.current_longitude as current_5_1_,
            bus0_.current_passengers as current_6_1_,
            bus0_.driver_id as driver_15_1_,
            bus0_.driver_name as driver_n7_1_,
            bus0_.driver_phone as driver_p8_1_,
            bus0_.estimated_arrival as estimate9_1_,
            bus0_.last_updated as last_up10_1_,
            bus0_.license_plate as license11_1_,
            bus0_.next_stop as next_st12_1_,
            bus0_.route_id as route_i16_1_,
            bus0_.speed as speed13_1_,
            bus0_.status as status14_1_ 
        from
            buses bus0_ 
        where
            bus0_.status=?
2025-08-29 12:45:51 - binding parameter [1] as [VARCHAR] - [ACTIVE]
2025-08-29 12:45:51 - 
    /* select
        generatedAlias0 
    from
        Bus as generatedAlias0 
    where
        generatedAlias0.status=:param0 */ select
            bus0_.id as id1_1_,
            bus0_.bus_number as bus_numb2_1_,
            bus0_.capacity as capacity3_1_,
            bus0_.current_latitude as current_4_1_,
            bus0_.current_longitude as current_5_1_,
            bus0_.current_passengers as current_6_1_,
            bus0_.driver_id as driver_15_1_,
            bus0_.driver_name as driver_n7_1_,
            bus0_.driver_phone as driver_p8_1_,
            bus0_.estimated_arrival as estimate9_1_,
            bus0_.last_updated as last_up10_1_,
            bus0_.license_plate as license11_1_,
            bus0_.next_stop as next_st12_1_,
            bus0_.route_id as route_i16_1_,
            bus0_.speed as speed13_1_,
            bus0_.status as status14_1_ 
        from
            buses bus0_ 
        where
            bus0_.status=?
2025-08-29 12:45:51 - binding parameter [1] as [VARCHAR] - [ACTIVE]
2025-08-29 12:45:56 - 
    /* select
        generatedAlias0 
    from
        Bus as generatedAlias0 
    where
        generatedAlias0.status=:param0 */ select
            bus0_.id as id1_1_,
            bus0_.bus_number as bus_numb2_1_,
            bus0_.capacity as capacity3_1_,
            bus0_.current_latitude as current_4_1_,
            bus0_.current_longitude as current_5_1_,
            bus0_.current_passengers as current_6_1_,
            bus0_.driver_id as driver_15_1_,
            bus0_.driver_name as driver_n7_1_,
            bus0_.driver_phone as driver_p8_1_,
            bus0_.estimated_arrival as estimate9_1_,
            bus0_.last_updated as last_up10_1_,
            bus0_.license_plate as license11_1_,
            bus0_.next_stop as next_st12_1_,
            bus0_.route_id as route_i16_1_,
            bus0_.speed as speed13_1_,
            bus0_.status as status14_1_ 
        from
            buses bus0_ 
        where
            bus0_.status=?
2025-08-29 12:45:56 - binding parameter [1] as [VARCHAR] - [ACTIVE]
2025-08-29 12:46:01 - 
    /* select
        generatedAlias0 
    from
        Bus as generatedAlias0 
    where
        generatedAlias0.status=:param0 */ select
            bus0_.id as id1_1_,
            bus0_.bus_number as bus_numb2_1_,
            bus0_.capacity as capacity3_1_,
            bus0_.current_latitude as current_4_1_,
            bus0_.current_longitude as current_5_1_,
            bus0_.current_passengers as current_6_1_,
            bus0_.driver_id as driver_15_1_,
            bus0_.driver_name as driver_n7_1_,
            bus0_.driver_phone as driver_p8_1_,
            bus0_.estimated_arrival as estimate9_1_,
            bus0_.last_updated as last_up10_1_,
            bus0_.license_plate as license11_1_,
            bus0_.next_stop as next_st12_1_,
            bus0_.route_id as route_i16_1_,
            bus0_.speed as speed13_1_,
            bus0_.status as status14_1_ 
        from
            buses bus0_ 
        where
            bus0_.status=?
2025-08-29 12:46:01 - binding parameter [1] as [VARCHAR] - [ACTIVE]
2025-08-29 12:46:01 - 
    /* select
        generatedAlias0 
    from
        Bus as generatedAlias0 
    where
        generatedAlias0.status=:param0 */ select
            bus0_.id as id1_1_,
            bus0_.bus_number as bus_numb2_1_,
            bus0_.capacity as capacity3_1_,
            bus0_.current_latitude as current_4_1_,
            bus0_.current_longitude as current_5_1_,
            bus0_.current_passengers as current_6_1_,
            bus0_.driver_id as driver_15_1_,
            bus0_.driver_name as driver_n7_1_,
            bus0_.driver_phone as driver_p8_1_,
            bus0_.estimated_arrival as estimate9_1_,
            bus0_.last_updated as last_up10_1_,
            bus0_.license_plate as license11_1_,
            bus0_.next_stop as next_st12_1_,
            bus0_.route_id as route_i16_1_,
            bus0_.speed as speed13_1_,
            bus0_.status as status14_1_ 
        from
            buses bus0_ 
        where
            bus0_.status=?
2025-08-29 12:46:01 - binding parameter [1] as [VARCHAR] - [ACTIVE]
2025-08-29 12:46:06 - 
    /* select
        generatedAlias0 
    from
        Bus as generatedAlias0 
    where
        generatedAlias0.status=:param0 */ select
            bus0_.id as id1_1_,
            bus0_.bus_number as bus_numb2_1_,
            bus0_.capacity as capacity3_1_,
            bus0_.current_latitude as current_4_1_,
            bus0_.current_longitude as current_5_1_,
            bus0_.current_passengers as current_6_1_,
            bus0_.driver_id as driver_15_1_,
            bus0_.driver_name as driver_n7_1_,
            bus0_.driver_phone as driver_p8_1_,
            bus0_.estimated_arrival as estimate9_1_,
            bus0_.last_updated as last_up10_1_,
            bus0_.license_plate as license11_1_,
            bus0_.next_stop as next_st12_1_,
            bus0_.route_id as route_i16_1_,
            bus0_.speed as speed13_1_,
            bus0_.status as status14_1_ 
        from
            buses bus0_ 
        where
            bus0_.status=?
2025-08-29 12:46:06 - binding parameter [1] as [VARCHAR] - [ACTIVE]
2025-08-29 12:46:11 - 
    /* select
        generatedAlias0 
    from
        Bus as generatedAlias0 
    where
        generatedAlias0.status=:param0 */ select
            bus0_.id as id1_1_,
            bus0_.bus_number as bus_numb2_1_,
            bus0_.capacity as capacity3_1_,
            bus0_.current_latitude as current_4_1_,
            bus0_.current_longitude as current_5_1_,
            bus0_.current_passengers as current_6_1_,
            bus0_.driver_id as driver_15_1_,
            bus0_.driver_name as driver_n7_1_,
            bus0_.driver_phone as driver_p8_1_,
            bus0_.estimated_arrival as estimate9_1_,
            bus0_.last_updated as last_up10_1_,
            bus0_.license_plate as license11_1_,
            bus0_.next_stop as next_st12_1_,
            bus0_.route_id as route_i16_1_,
            bus0_.speed as speed13_1_,
            bus0_.status as status14_1_ 
        from
            buses bus0_ 
        where
            bus0_.status=?
2025-08-29 12:46:11 - binding parameter [1] as [VARCHAR] - [ACTIVE]
2025-08-29 12:46:11 - 
    /* select
        generatedAlias0 
    from
        Bus as generatedAlias0 
    where
        generatedAlias0.status=:param0 */ select
            bus0_.id as id1_1_,
            bus0_.bus_number as bus_numb2_1_,
            bus0_.capacity as capacity3_1_,
            bus0_.current_latitude as current_4_1_,
            bus0_.current_longitude as current_5_1_,
            bus0_.current_passengers as current_6_1_,
            bus0_.driver_id as driver_15_1_,
            bus0_.driver_name as driver_n7_1_,
            bus0_.driver_phone as driver_p8_1_,
            bus0_.estimated_arrival as estimate9_1_,
            bus0_.last_updated as last_up10_1_,
            bus0_.license_plate as license11_1_,
            bus0_.next_stop as next_st12_1_,
            bus0_.route_id as route_i16_1_,
            bus0_.speed as speed13_1_,
            bus0_.status as status14_1_ 
        from
            buses bus0_ 
        where
            bus0_.status=?
2025-08-29 12:46:11 - binding parameter [1] as [VARCHAR] - [ACTIVE]
2025-08-29 12:46:16 - 
    /* select
        generatedAlias0 
    from
        Bus as generatedAlias0 
    where
        generatedAlias0.status=:param0 */ select
            bus0_.id as id1_1_,
            bus0_.bus_number as bus_numb2_1_,
            bus0_.capacity as capacity3_1_,
            bus0_.current_latitude as current_4_1_,
            bus0_.current_longitude as current_5_1_,
            bus0_.current_passengers as current_6_1_,
            bus0_.driver_id as driver_15_1_,
            bus0_.driver_name as driver_n7_1_,
            bus0_.driver_phone as driver_p8_1_,
            bus0_.estimated_arrival as estimate9_1_,
            bus0_.last_updated as last_up10_1_,
            bus0_.license_plate as license11_1_,
            bus0_.next_stop as next_st12_1_,
            bus0_.route_id as route_i16_1_,
            bus0_.speed as speed13_1_,
            bus0_.status as status14_1_ 
        from
            buses bus0_ 
        where
            bus0_.status=?
2025-08-29 12:46:16 - binding parameter [1] as [VARCHAR] - [ACTIVE]
2025-08-29 12:46:21 - 
    /* select
        generatedAlias0 
    from
        Bus as generatedAlias0 
    where
        generatedAlias0.status=:param0 */ select
            bus0_.id as id1_1_,
            bus0_.bus_number as bus_numb2_1_,
            bus0_.capacity as capacity3_1_,
            bus0_.current_latitude as current_4_1_,
            bus0_.current_longitude as current_5_1_,
            bus0_.current_passengers as current_6_1_,
            bus0_.driver_id as driver_15_1_,
            bus0_.driver_name as driver_n7_1_,
            bus0_.driver_phone as driver_p8_1_,
            bus0_.estimated_arrival as estimate9_1_,
            bus0_.last_updated as last_up10_1_,
            bus0_.license_plate as license11_1_,
            bus0_.next_stop as next_st12_1_,
            bus0_.route_id as route_i16_1_,
            bus0_.speed as speed13_1_,
            bus0_.status as status14_1_ 
        from
            buses bus0_ 
        where
            bus0_.status=?
2025-08-29 12:46:21 - binding parameter [1] as [VARCHAR] - [ACTIVE]
2025-08-29 12:46:21 - 
    /* select
        generatedAlias0 
    from
        Bus as generatedAlias0 
    where
        generatedAlias0.status=:param0 */ select
            bus0_.id as id1_1_,
            bus0_.bus_number as bus_numb2_1_,
            bus0_.capacity as capacity3_1_,
            bus0_.current_latitude as current_4_1_,
            bus0_.current_longitude as current_5_1_,
            bus0_.current_passengers as current_6_1_,
            bus0_.driver_id as driver_15_1_,
            bus0_.driver_name as driver_n7_1_,
            bus0_.driver_phone as driver_p8_1_,
            bus0_.estimated_arrival as estimate9_1_,
            bus0_.last_updated as last_up10_1_,
            bus0_.license_plate as license11_1_,
            bus0_.next_stop as next_st12_1_,
            bus0_.route_id as route_i16_1_,
            bus0_.speed as speed13_1_,
            bus0_.status as status14_1_ 
        from
            buses bus0_ 
        where
            bus0_.status=?
2025-08-29 12:46:21 - binding parameter [1] as [VARCHAR] - [ACTIVE]
2025-08-29 12:46:26 - 
    /* select
        generatedAlias0 
    from
        Bus as generatedAlias0 
    where
        generatedAlias0.status=:param0 */ select
            bus0_.id as id1_1_,
            bus0_.bus_number as bus_numb2_1_,
            bus0_.capacity as capacity3_1_,
            bus0_.current_latitude as current_4_1_,
            bus0_.current_longitude as current_5_1_,
            bus0_.current_passengers as current_6_1_,
            bus0_.driver_id as driver_15_1_,
            bus0_.driver_name as driver_n7_1_,
            bus0_.driver_phone as driver_p8_1_,
            bus0_.estimated_arrival as estimate9_1_,
            bus0_.last_updated as last_up10_1_,
            bus0_.license_plate as license11_1_,
            bus0_.next_stop as next_st12_1_,
            bus0_.route_id as route_i16_1_,
            bus0_.speed as speed13_1_,
            bus0_.status as status14_1_ 
        from
            buses bus0_ 
        where
            bus0_.status=?
2025-08-29 12:46:26 - binding parameter [1] as [VARCHAR] - [ACTIVE]
2025-08-29 12:46:31 - 
    /* select
        generatedAlias0 
    from
        Bus as generatedAlias0 
    where
        generatedAlias0.status=:param0 */ select
            bus0_.id as id1_1_,
            bus0_.bus_number as bus_numb2_1_,
            bus0_.capacity as capacity3_1_,
            bus0_.current_latitude as current_4_1_,
            bus0_.current_longitude as current_5_1_,
            bus0_.current_passengers as current_6_1_,
            bus0_.driver_id as driver_15_1_,
            bus0_.driver_name as driver_n7_1_,
            bus0_.driver_phone as driver_p8_1_,
            bus0_.estimated_arrival as estimate9_1_,
            bus0_.last_updated as last_up10_1_,
            bus0_.license_plate as license11_1_,
            bus0_.next_stop as next_st12_1_,
            bus0_.route_id as route_i16_1_,
            bus0_.speed as speed13_1_,
            bus0_.status as status14_1_ 
        from
            buses bus0_ 
        where
            bus0_.status=?
2025-08-29 12:46:31 - binding parameter [1] as [VARCHAR] - [ACTIVE]
2025-08-29 12:46:32 - 
    /* select
        generatedAlias0 
    from
        Bus as generatedAlias0 
    where
        generatedAlias0.status=:param0 */ select
            bus0_.id as id1_1_,
            bus0_.bus_number as bus_numb2_1_,
            bus0_.capacity as capacity3_1_,
            bus0_.current_latitude as current_4_1_,
            bus0_.current_longitude as current_5_1_,
            bus0_.current_passengers as current_6_1_,
            bus0_.driver_id as driver_15_1_,
            bus0_.driver_name as driver_n7_1_,
            bus0_.driver_phone as driver_p8_1_,
            bus0_.estimated_arrival as estimate9_1_,
            bus0_.last_updated as last_up10_1_,
            bus0_.license_plate as license11_1_,
            bus0_.next_stop as next_st12_1_,
            bus0_.route_id as route_i16_1_,
            bus0_.speed as speed13_1_,
            bus0_.status as status14_1_ 
        from
            buses bus0_ 
        where
            bus0_.status=?
2025-08-29 12:46:32 - binding parameter [1] as [VARCHAR] - [ACTIVE]
2025-08-29 12:46:37 - 
    /* select
        generatedAlias0 
    from
        Bus as generatedAlias0 
    where
        generatedAlias0.status=:param0 */ select
            bus0_.id as id1_1_,
            bus0_.bus_number as bus_numb2_1_,
            bus0_.capacity as capacity3_1_,
            bus0_.current_latitude as current_4_1_,
            bus0_.current_longitude as current_5_1_,
            bus0_.current_passengers as current_6_1_,
            bus0_.driver_id as driver_15_1_,
            bus0_.driver_name as driver_n7_1_,
            bus0_.driver_phone as driver_p8_1_,
            bus0_.estimated_arrival as estimate9_1_,
            bus0_.last_updated as last_up10_1_,
            bus0_.license_plate as license11_1_,
            bus0_.next_stop as next_st12_1_,
            bus0_.route_id as route_i16_1_,
            bus0_.speed as speed13_1_,
            bus0_.status as status14_1_ 
        from
            buses bus0_ 
        where
            bus0_.status=?
2025-08-29 12:46:37 - binding parameter [1] as [VARCHAR] - [ACTIVE]
2025-08-29 12:46:40 - Initializing Spring DispatcherServlet 'dispatcherServlet'
2025-08-29 12:46:40 - Initializing Servlet 'dispatcherServlet'
2025-08-29 12:46:40 - Completed initialization in 3 ms
2025-08-29 12:46:40 - 
    /* select
        generatedAlias0 
    from
        Bus as generatedAlias0 */ select
            bus0_.id as id1_1_,
            bus0_.bus_number as bus_numb2_1_,
            bus0_.capacity as capacity3_1_,
            bus0_.current_latitude as current_4_1_,
            bus0_.current_longitude as current_5_1_,
            bus0_.current_passengers as current_6_1_,
            bus0_.driver_id as driver_15_1_,
            bus0_.driver_name as driver_n7_1_,
            bus0_.driver_phone as driver_p8_1_,
            bus0_.estimated_arrival as estimate9_1_,
            bus0_.last_updated as last_up10_1_,
            bus0_.license_plate as license11_1_,
            bus0_.next_stop as next_st12_1_,
            bus0_.route_id as route_i16_1_,
            bus0_.speed as speed13_1_,
            bus0_.status as status14_1_ 
        from
            buses bus0_
2025-08-29 12:46:41 - 
    /* select
        generatedAlias0 
    from
        Bus as generatedAlias0 
    where
        generatedAlias0.status=:param0 */ select
            bus0_.id as id1_1_,
            bus0_.bus_number as bus_numb2_1_,
            bus0_.capacity as capacity3_1_,
            bus0_.current_latitude as current_4_1_,
            bus0_.current_longitude as current_5_1_,
            bus0_.current_passengers as current_6_1_,
            bus0_.driver_id as driver_15_1_,
            bus0_.driver_name as driver_n7_1_,
            bus0_.driver_phone as driver_p8_1_,
            bus0_.estimated_arrival as estimate9_1_,
            bus0_.last_updated as last_up10_1_,
            bus0_.license_plate as license11_1_,
            bus0_.next_stop as next_st12_1_,
            bus0_.route_id as route_i16_1_,
            bus0_.speed as speed13_1_,
            bus0_.status as status14_1_ 
        from
            buses bus0_ 
        where
            bus0_.status=?
2025-08-29 12:46:41 - binding parameter [1] as [VARCHAR] - [ACTIVE]
2025-08-29 12:46:42 - 
    /* select
        generatedAlias0 
    from
        Bus as generatedAlias0 
    where
        generatedAlias0.status=:param0 */ select
            bus0_.id as id1_1_,
            bus0_.bus_number as bus_numb2_1_,
            bus0_.capacity as capacity3_1_,
            bus0_.current_latitude as current_4_1_,
            bus0_.current_longitude as current_5_1_,
            bus0_.current_passengers as current_6_1_,
            bus0_.driver_id as driver_15_1_,
            bus0_.driver_name as driver_n7_1_,
            bus0_.driver_phone as driver_p8_1_,
            bus0_.estimated_arrival as estimate9_1_,
            bus0_.last_updated as last_up10_1_,
            bus0_.license_plate as license11_1_,
            bus0_.next_stop as next_st12_1_,
            bus0_.route_id as route_i16_1_,
            bus0_.speed as speed13_1_,
            bus0_.status as status14_1_ 
        from
            buses bus0_ 
        where
            bus0_.status=?
2025-08-29 12:46:42 - binding parameter [1] as [VARCHAR] - [ACTIVE]
2025-08-29 12:46:47 - 
    /* select
        generatedAlias0 
    from
        Bus as generatedAlias0 
    where
        generatedAlias0.status=:param0 */ select
            bus0_.id as id1_1_,
            bus0_.bus_number as bus_numb2_1_,
            bus0_.capacity as capacity3_1_,
            bus0_.current_latitude as current_4_1_,
            bus0_.current_longitude as current_5_1_,
            bus0_.current_passengers as current_6_1_,
            bus0_.driver_id as driver_15_1_,
            bus0_.driver_name as driver_n7_1_,
            bus0_.driver_phone as driver_p8_1_,
            bus0_.estimated_arrival as estimate9_1_,
            bus0_.last_updated as last_up10_1_,
            bus0_.license_plate as license11_1_,
            bus0_.next_stop as next_st12_1_,
            bus0_.route_id as route_i16_1_,
            bus0_.speed as speed13_1_,
            bus0_.status as status14_1_ 
        from
            buses bus0_ 
        where
            bus0_.status=?
2025-08-29 12:46:47 - binding parameter [1] as [VARCHAR] - [ACTIVE]
2025-08-29 12:46:51 - WebSocketSession[0 current WS(0)-HttpStream(0)-HttpPoll(0), 0 total, 0 closed abnormally (0 connect failure, 0 send limit, 0 transport error)], stompSubProtocol[processed CONNECT(0)-CONNECTED(0)-DISCONNECT(0)], stompBrokerRelay[null], inboundChannel[pool size = 0, active threads = 0, queued tasks = 0, completed tasks = 0], outboundChannel[pool size = 0, active threads = 0, queued tasks = 0, completed tasks = 0], sockJsScheduler[pool size = 2, active threads = 1, queued tasks = 3, completed tasks = 19]
2025-08-29 12:46:51 - 
    /* select
        generatedAlias0 
    from
        Bus as generatedAlias0 */ select
            bus0_.id as id1_1_,
            bus0_.bus_number as bus_numb2_1_,
            bus0_.capacity as capacity3_1_,
            bus0_.current_latitude as current_4_1_,
            bus0_.current_longitude as current_5_1_,
            bus0_.current_passengers as current_6_1_,
            bus0_.driver_id as driver_15_1_,
            bus0_.driver_name as driver_n7_1_,
            bus0_.driver_phone as driver_p8_1_,
            bus0_.estimated_arrival as estimate9_1_,
            bus0_.last_updated as last_up10_1_,
            bus0_.license_plate as license11_1_,
            bus0_.next_stop as next_st12_1_,
            bus0_.route_id as route_i16_1_,
            bus0_.speed as speed13_1_,
            bus0_.status as status14_1_ 
        from
            buses bus0_
2025-08-29 12:46:51 - 
    /* select
        generatedAlias0 
    from
        Bus as generatedAlias0 
    where
        generatedAlias0.status=:param0 */ select
            bus0_.id as id1_1_,
            bus0_.bus_number as bus_numb2_1_,
            bus0_.capacity as capacity3_1_,
            bus0_.current_latitude as current_4_1_,
            bus0_.current_longitude as current_5_1_,
            bus0_.current_passengers as current_6_1_,
            bus0_.driver_id as driver_15_1_,
            bus0_.driver_name as driver_n7_1_,
            bus0_.driver_phone as driver_p8_1_,
            bus0_.estimated_arrival as estimate9_1_,
            bus0_.last_updated as last_up10_1_,
            bus0_.license_plate as license11_1_,
            bus0_.next_stop as next_st12_1_,
            bus0_.route_id as route_i16_1_,
            bus0_.speed as speed13_1_,
            bus0_.status as status14_1_ 
        from
            buses bus0_ 
        where
            bus0_.status=?
2025-08-29 12:46:51 - binding parameter [1] as [VARCHAR] - [ACTIVE]
2025-08-29 12:46:52 - 
    /* select
        generatedAlias0 
    from
        Bus as generatedAlias0 
    where
        generatedAlias0.status=:param0 */ select
            bus0_.id as id1_1_,
            bus0_.bus_number as bus_numb2_1_,
            bus0_.capacity as capacity3_1_,
            bus0_.current_latitude as current_4_1_,
            bus0_.current_longitude as current_5_1_,
            bus0_.current_passengers as current_6_1_,
            bus0_.driver_id as driver_15_1_,
            bus0_.driver_name as driver_n7_1_,
            bus0_.driver_phone as driver_p8_1_,
            bus0_.estimated_arrival as estimate9_1_,
            bus0_.last_updated as last_up10_1_,
            bus0_.license_plate as license11_1_,
            bus0_.next_stop as next_st12_1_,
            bus0_.route_id as route_i16_1_,
            bus0_.speed as speed13_1_,
            bus0_.status as status14_1_ 
        from
            buses bus0_ 
        where
            bus0_.status=?
2025-08-29 12:46:52 - binding parameter [1] as [VARCHAR] - [ACTIVE]
2025-08-29 12:46:57 - 
    /* select
        generatedAlias0 
    from
        Bus as generatedAlias0 
    where
        generatedAlias0.status=:param0 */ select
            bus0_.id as id1_1_,
            bus0_.bus_number as bus_numb2_1_,
            bus0_.capacity as capacity3_1_,
            bus0_.current_latitude as current_4_1_,
            bus0_.current_longitude as current_5_1_,
            bus0_.current_passengers as current_6_1_,
            bus0_.driver_id as driver_15_1_,
            bus0_.driver_name as driver_n7_1_,
            bus0_.driver_phone as driver_p8_1_,
            bus0_.estimated_arrival as estimate9_1_,
            bus0_.last_updated as last_up10_1_,
            bus0_.license_plate as license11_1_,
            bus0_.next_stop as next_st12_1_,
            bus0_.route_id as route_i16_1_,
            bus0_.speed as speed13_1_,
            bus0_.status as status14_1_ 
        from
            buses bus0_ 
        where
            bus0_.status=?
2025-08-29 12:46:57 - binding parameter [1] as [VARCHAR] - [ACTIVE]
2025-08-29 12:47:01 - 
    /* select
        generatedAlias0 
    from
        Bus as generatedAlias0 
    where
        generatedAlias0.status=:param0 */ select
            bus0_.id as id1_1_,
            bus0_.bus_number as bus_numb2_1_,
            bus0_.capacity as capacity3_1_,
            bus0_.current_latitude as current_4_1_,
            bus0_.current_longitude as current_5_1_,
            bus0_.current_passengers as current_6_1_,
            bus0_.driver_id as driver_15_1_,
            bus0_.driver_name as driver_n7_1_,
            bus0_.driver_phone as driver_p8_1_,
            bus0_.estimated_arrival as estimate9_1_,
            bus0_.last_updated as last_up10_1_,
            bus0_.license_plate as license11_1_,
            bus0_.next_stop as next_st12_1_,
            bus0_.route_id as route_i16_1_,
            bus0_.speed as speed13_1_,
            bus0_.status as status14_1_ 
        from
            buses bus0_ 
        where
            bus0_.status=?
2025-08-29 12:47:01 - binding parameter [1] as [VARCHAR] - [ACTIVE]
2025-08-29 12:47:02 - 
    /* select
        generatedAlias0 
    from
        Bus as generatedAlias0 
    where
        generatedAlias0.status=:param0 */ select
            bus0_.id as id1_1_,
            bus0_.bus_number as bus_numb2_1_,
            bus0_.capacity as capacity3_1_,
            bus0_.current_latitude as current_4_1_,
            bus0_.current_longitude as current_5_1_,
            bus0_.current_passengers as current_6_1_,
            bus0_.driver_id as driver_15_1_,
            bus0_.driver_name as driver_n7_1_,
            bus0_.driver_phone as driver_p8_1_,
            bus0_.estimated_arrival as estimate9_1_,
            bus0_.last_updated as last_up10_1_,
            bus0_.license_plate as license11_1_,
            bus0_.next_stop as next_st12_1_,
            bus0_.route_id as route_i16_1_,
            bus0_.speed as speed13_1_,
            bus0_.status as status14_1_ 
        from
            buses bus0_ 
        where
            bus0_.status=?
2025-08-29 12:47:02 - binding parameter [1] as [VARCHAR] - [ACTIVE]
2025-08-29 12:47:07 - 
    /* select
        generatedAlias0 
    from
        Bus as generatedAlias0 
    where
        generatedAlias0.status=:param0 */ select
            bus0_.id as id1_1_,
            bus0_.bus_number as bus_numb2_1_,
            bus0_.capacity as capacity3_1_,
            bus0_.current_latitude as current_4_1_,
            bus0_.current_longitude as current_5_1_,
            bus0_.current_passengers as current_6_1_,
            bus0_.driver_id as driver_15_1_,
            bus0_.driver_name as driver_n7_1_,
            bus0_.driver_phone as driver_p8_1_,
            bus0_.estimated_arrival as estimate9_1_,
            bus0_.last_updated as last_up10_1_,
            bus0_.license_plate as license11_1_,
            bus0_.next_stop as next_st12_1_,
            bus0_.route_id as route_i16_1_,
            bus0_.speed as speed13_1_,
            bus0_.status as status14_1_ 
        from
            buses bus0_ 
        where
            bus0_.status=?
2025-08-29 12:47:07 - binding parameter [1] as [VARCHAR] - [ACTIVE]
2025-08-29 12:47:11 - 
    /* select
        generatedAlias0 
    from
        Bus as generatedAlias0 
    where
        generatedAlias0.status=:param0 */ select
            bus0_.id as id1_1_,
            bus0_.bus_number as bus_numb2_1_,
            bus0_.capacity as capacity3_1_,
            bus0_.current_latitude as current_4_1_,
            bus0_.current_longitude as current_5_1_,
            bus0_.current_passengers as current_6_1_,
            bus0_.driver_id as driver_15_1_,
            bus0_.driver_name as driver_n7_1_,
            bus0_.driver_phone as driver_p8_1_,
            bus0_.estimated_arrival as estimate9_1_,
            bus0_.last_updated as last_up10_1_,
            bus0_.license_plate as license11_1_,
            bus0_.next_stop as next_st12_1_,
            bus0_.route_id as route_i16_1_,
            bus0_.speed as speed13_1_,
            bus0_.status as status14_1_ 
        from
            buses bus0_ 
        where
            bus0_.status=?
2025-08-29 12:47:11 - binding parameter [1] as [VARCHAR] - [ACTIVE]
2025-08-29 12:47:12 - 
    /* select
        generatedAlias0 
    from
        Bus as generatedAlias0 
    where
        generatedAlias0.status=:param0 */ select
            bus0_.id as id1_1_,
            bus0_.bus_number as bus_numb2_1_,
            bus0_.capacity as capacity3_1_,
            bus0_.current_latitude as current_4_1_,
            bus0_.current_longitude as current_5_1_,
            bus0_.current_passengers as current_6_1_,
            bus0_.driver_id as driver_15_1_,
            bus0_.driver_name as driver_n7_1_,
            bus0_.driver_phone as driver_p8_1_,
            bus0_.estimated_arrival as estimate9_1_,
            bus0_.last_updated as last_up10_1_,
            bus0_.license_plate as license11_1_,
            bus0_.next_stop as next_st12_1_,
            bus0_.route_id as route_i16_1_,
            bus0_.speed as speed13_1_,
            bus0_.status as status14_1_ 
        from
            buses bus0_ 
        where
            bus0_.status=?
2025-08-29 12:47:12 - binding parameter [1] as [VARCHAR] - [ACTIVE]
2025-08-29 12:47:17 - 
    /* select
        generatedAlias0 
    from
        Bus as generatedAlias0 
    where
        generatedAlias0.status=:param0 */ select
            bus0_.id as id1_1_,
            bus0_.bus_number as bus_numb2_1_,
            bus0_.capacity as capacity3_1_,
            bus0_.current_latitude as current_4_1_,
            bus0_.current_longitude as current_5_1_,
            bus0_.current_passengers as current_6_1_,
            bus0_.driver_id as driver_15_1_,
            bus0_.driver_name as driver_n7_1_,
            bus0_.driver_phone as driver_p8_1_,
            bus0_.estimated_arrival as estimate9_1_,
            bus0_.last_updated as last_up10_1_,
            bus0_.license_plate as license11_1_,
            bus0_.next_stop as next_st12_1_,
            bus0_.route_id as route_i16_1_,
            bus0_.speed as speed13_1_,
            bus0_.status as status14_1_ 
        from
            buses bus0_ 
        where
            bus0_.status=?
2025-08-29 12:47:17 - binding parameter [1] as [VARCHAR] - [ACTIVE]
2025-08-29 12:47:21 - 
    /* select
        generatedAlias0 
    from
        Bus as generatedAlias0 
    where
        generatedAlias0.status=:param0 */ select
            bus0_.id as id1_1_,
            bus0_.bus_number as bus_numb2_1_,
            bus0_.capacity as capacity3_1_,
            bus0_.current_latitude as current_4_1_,
            bus0_.current_longitude as current_5_1_,
            bus0_.current_passengers as current_6_1_,
            bus0_.driver_id as driver_15_1_,
            bus0_.driver_name as driver_n7_1_,
            bus0_.driver_phone as driver_p8_1_,
            bus0_.estimated_arrival as estimate9_1_,
            bus0_.last_updated as last_up10_1_,
            bus0_.license_plate as license11_1_,
            bus0_.next_stop as next_st12_1_,
            bus0_.route_id as route_i16_1_,
            bus0_.speed as speed13_1_,
            bus0_.status as status14_1_ 
        from
            buses bus0_ 
        where
            bus0_.status=?
2025-08-29 12:47:21 - binding parameter [1] as [VARCHAR] - [ACTIVE]
2025-08-29 12:47:22 - 
    /* select
        generatedAlias0 
    from
        Bus as generatedAlias0 
    where
        generatedAlias0.status=:param0 */ select
            bus0_.id as id1_1_,
            bus0_.bus_number as bus_numb2_1_,
            bus0_.capacity as capacity3_1_,
            bus0_.current_latitude as current_4_1_,
            bus0_.current_longitude as current_5_1_,
            bus0_.current_passengers as current_6_1_,
            bus0_.driver_id as driver_15_1_,
            bus0_.driver_name as driver_n7_1_,
            bus0_.driver_phone as driver_p8_1_,
            bus0_.estimated_arrival as estimate9_1_,
            bus0_.last_updated as last_up10_1_,
            bus0_.license_plate as license11_1_,
            bus0_.next_stop as next_st12_1_,
            bus0_.route_id as route_i16_1_,
            bus0_.speed as speed13_1_,
            bus0_.status as status14_1_ 
        from
            buses bus0_ 
        where
            bus0_.status=?
2025-08-29 12:47:22 - binding parameter [1] as [VARCHAR] - [ACTIVE]
2025-08-29 12:47:27 - 
    /* select
        generatedAlias0 
    from
        Bus as generatedAlias0 
    where
        generatedAlias0.status=:param0 */ select
            bus0_.id as id1_1_,
            bus0_.bus_number as bus_numb2_1_,
            bus0_.capacity as capacity3_1_,
            bus0_.current_latitude as current_4_1_,
            bus0_.current_longitude as current_5_1_,
            bus0_.current_passengers as current_6_1_,
            bus0_.driver_id as driver_15_1_,
            bus0_.driver_name as driver_n7_1_,
            bus0_.driver_phone as driver_p8_1_,
            bus0_.estimated_arrival as estimate9_1_,
            bus0_.last_updated as last_up10_1_,
            bus0_.license_plate as license11_1_,
            bus0_.next_stop as next_st12_1_,
            bus0_.route_id as route_i16_1_,
            bus0_.speed as speed13_1_,
            bus0_.status as status14_1_ 
        from
            buses bus0_ 
        where
            bus0_.status=?
2025-08-29 12:47:27 - binding parameter [1] as [VARCHAR] - [ACTIVE]
2025-08-29 12:47:31 - 
    /* select
        generatedAlias0 
    from
        Bus as generatedAlias0 
    where
        generatedAlias0.status=:param0 */ select
            bus0_.id as id1_1_,
            bus0_.bus_number as bus_numb2_1_,
            bus0_.capacity as capacity3_1_,
            bus0_.current_latitude as current_4_1_,
            bus0_.current_longitude as current_5_1_,
            bus0_.current_passengers as current_6_1_,
            bus0_.driver_id as driver_15_1_,
            bus0_.driver_name as driver_n7_1_,
            bus0_.driver_phone as driver_p8_1_,
            bus0_.estimated_arrival as estimate9_1_,
            bus0_.last_updated as last_up10_1_,
            bus0_.license_plate as license11_1_,
            bus0_.next_stop as next_st12_1_,
            bus0_.route_id as route_i16_1_,
            bus0_.speed as speed13_1_,
            bus0_.status as status14_1_ 
        from
            buses bus0_ 
        where
            bus0_.status=?
2025-08-29 12:47:31 - binding parameter [1] as [VARCHAR] - [ACTIVE]
2025-08-29 12:47:32 - 
    /* select
        generatedAlias0 
    from
        Bus as generatedAlias0 
    where
        generatedAlias0.status=:param0 */ select
            bus0_.id as id1_1_,
            bus0_.bus_number as bus_numb2_1_,
            bus0_.capacity as capacity3_1_,
            bus0_.current_latitude as current_4_1_,
            bus0_.current_longitude as current_5_1_,
            bus0_.current_passengers as current_6_1_,
            bus0_.driver_id as driver_15_1_,
            bus0_.driver_name as driver_n7_1_,
            bus0_.driver_phone as driver_p8_1_,
            bus0_.estimated_arrival as estimate9_1_,
            bus0_.last_updated as last_up10_1_,
            bus0_.license_plate as license11_1_,
            bus0_.next_stop as next_st12_1_,
            bus0_.route_id as route_i16_1_,
            bus0_.speed as speed13_1_,
            bus0_.status as status14_1_ 
        from
            buses bus0_ 
        where
            bus0_.status=?
2025-08-29 12:47:32 - binding parameter [1] as [VARCHAR] - [ACTIVE]
2025-08-29 12:47:37 - 
    /* select
        generatedAlias0 
    from
        Bus as generatedAlias0 
    where
        generatedAlias0.status=:param0 */ select
            bus0_.id as id1_1_,
            bus0_.bus_number as bus_numb2_1_,
            bus0_.capacity as capacity3_1_,
            bus0_.current_latitude as current_4_1_,
            bus0_.current_longitude as current_5_1_,
            bus0_.current_passengers as current_6_1_,
            bus0_.driver_id as driver_15_1_,
            bus0_.driver_name as driver_n7_1_,
            bus0_.driver_phone as driver_p8_1_,
            bus0_.estimated_arrival as estimate9_1_,
            bus0_.last_updated as last_up10_1_,
            bus0_.license_plate as license11_1_,
            bus0_.next_stop as next_st12_1_,
            bus0_.route_id as route_i16_1_,
            bus0_.speed as speed13_1_,
            bus0_.status as status14_1_ 
        from
            buses bus0_ 
        where
            bus0_.status=?
2025-08-29 12:47:37 - binding parameter [1] as [VARCHAR] - [ACTIVE]
2025-08-29 12:47:40 - 
    /* select
        generatedAlias0 
    from
        Bus as generatedAlias0 */ select
            bus0_.id as id1_1_,
            bus0_.bus_number as bus_numb2_1_,
            bus0_.capacity as capacity3_1_,
            bus0_.current_latitude as current_4_1_,
            bus0_.current_longitude as current_5_1_,
            bus0_.current_passengers as current_6_1_,
            bus0_.driver_id as driver_15_1_,
            bus0_.driver_name as driver_n7_1_,
            bus0_.driver_phone as driver_p8_1_,
            bus0_.estimated_arrival as estimate9_1_,
            bus0_.last_updated as last_up10_1_,
            bus0_.license_plate as license11_1_,
            bus0_.next_stop as next_st12_1_,
            bus0_.route_id as route_i16_1_,
            bus0_.speed as speed13_1_,
            bus0_.status as status14_1_ 
        from
            buses bus0_
2025-08-29 12:47:41 - 
    /* select
        generatedAlias0 
    from
        Bus as generatedAlias0 
    where
        generatedAlias0.status=:param0 */ select
            bus0_.id as id1_1_,
            bus0_.bus_number as bus_numb2_1_,
            bus0_.capacity as capacity3_1_,
            bus0_.current_latitude as current_4_1_,
            bus0_.current_longitude as current_5_1_,
            bus0_.current_passengers as current_6_1_,
            bus0_.driver_id as driver_15_1_,
            bus0_.driver_name as driver_n7_1_,
            bus0_.driver_phone as driver_p8_1_,
            bus0_.estimated_arrival as estimate9_1_,
            bus0_.last_updated as last_up10_1_,
            bus0_.license_plate as license11_1_,
            bus0_.next_stop as next_st12_1_,
            bus0_.route_id as route_i16_1_,
            bus0_.speed as speed13_1_,
            bus0_.status as status14_1_ 
        from
            buses bus0_ 
        where
            bus0_.status=?
2025-08-29 12:47:41 - binding parameter [1] as [VARCHAR] - [ACTIVE]
2025-08-29 12:47:42 - 
    /* select
        generatedAlias0 
    from
        Bus as generatedAlias0 
    where
        generatedAlias0.status=:param0 */ select
            bus0_.id as id1_1_,
            bus0_.bus_number as bus_numb2_1_,
            bus0_.capacity as capacity3_1_,
            bus0_.current_latitude as current_4_1_,
            bus0_.current_longitude as current_5_1_,
            bus0_.current_passengers as current_6_1_,
            bus0_.driver_id as driver_15_1_,
            bus0_.driver_name as driver_n7_1_,
            bus0_.driver_phone as driver_p8_1_,
            bus0_.estimated_arrival as estimate9_1_,
            bus0_.last_updated as last_up10_1_,
            bus0_.license_plate as license11_1_,
            bus0_.next_stop as next_st12_1_,
            bus0_.route_id as route_i16_1_,
            bus0_.speed as speed13_1_,
            bus0_.status as status14_1_ 
        from
            buses bus0_ 
        where
            bus0_.status=?
2025-08-29 12:47:42 - binding parameter [1] as [VARCHAR] - [ACTIVE]
2025-08-29 12:47:47 - 
    /* select
        generatedAlias0 
    from
        Bus as generatedAlias0 
    where
        generatedAlias0.status=:param0 */ select
            bus0_.id as id1_1_,
            bus0_.bus_number as bus_numb2_1_,
            bus0_.capacity as capacity3_1_,
            bus0_.current_latitude as current_4_1_,
            bus0_.current_longitude as current_5_1_,
            bus0_.current_passengers as current_6_1_,
            bus0_.driver_id as driver_15_1_,
            bus0_.driver_name as driver_n7_1_,
            bus0_.driver_phone as driver_p8_1_,
            bus0_.estimated_arrival as estimate9_1_,
            bus0_.last_updated as last_up10_1_,
            bus0_.license_plate as license11_1_,
            bus0_.next_stop as next_st12_1_,
            bus0_.route_id as route_i16_1_,
            bus0_.speed as speed13_1_,
            bus0_.status as status14_1_ 
        from
            buses bus0_ 
        where
            bus0_.status=?
2025-08-29 12:47:47 - binding parameter [1] as [VARCHAR] - [ACTIVE]
2025-08-29 12:47:51 - 
    /* select
        generatedAlias0 
    from
        Bus as generatedAlias0 */ select
            bus0_.id as id1_1_,
            bus0_.bus_number as bus_numb2_1_,
            bus0_.capacity as capacity3_1_,
            bus0_.current_latitude as current_4_1_,
            bus0_.current_longitude as current_5_1_,
            bus0_.current_passengers as current_6_1_,
            bus0_.driver_id as driver_15_1_,
            bus0_.driver_name as driver_n7_1_,
            bus0_.driver_phone as driver_p8_1_,
            bus0_.estimated_arrival as estimate9_1_,
            bus0_.last_updated as last_up10_1_,
            bus0_.license_plate as license11_1_,
            bus0_.next_stop as next_st12_1_,
            bus0_.route_id as route_i16_1_,
            bus0_.speed as speed13_1_,
            bus0_.status as status14_1_ 
        from
            buses bus0_
2025-08-29 12:47:51 - 
    /* select
        generatedAlias0 
    from
        Bus as generatedAlias0 
    where
        generatedAlias0.status=:param0 */ select
            bus0_.id as id1_1_,
            bus0_.bus_number as bus_numb2_1_,
            bus0_.capacity as capacity3_1_,
            bus0_.current_latitude as current_4_1_,
            bus0_.current_longitude as current_5_1_,
            bus0_.current_passengers as current_6_1_,
            bus0_.driver_id as driver_15_1_,
            bus0_.driver_name as driver_n7_1_,
            bus0_.driver_phone as driver_p8_1_,
            bus0_.estimated_arrival as estimate9_1_,
            bus0_.last_updated as last_up10_1_,
            bus0_.license_plate as license11_1_,
            bus0_.next_stop as next_st12_1_,
            bus0_.route_id as route_i16_1_,
            bus0_.speed as speed13_1_,
            bus0_.status as status14_1_ 
        from
            buses bus0_ 
        where
            bus0_.status=?
2025-08-29 12:47:51 - binding parameter [1] as [VARCHAR] - [ACTIVE]
2025-08-29 12:47:52 - 
    /* select
        generatedAlias0 
    from
        Bus as generatedAlias0 
    where
        generatedAlias0.status=:param0 */ select
            bus0_.id as id1_1_,
            bus0_.bus_number as bus_numb2_1_,
            bus0_.capacity as capacity3_1_,
            bus0_.current_latitude as current_4_1_,
            bus0_.current_longitude as current_5_1_,
            bus0_.current_passengers as current_6_1_,
            bus0_.driver_id as driver_15_1_,
            bus0_.driver_name as driver_n7_1_,
            bus0_.driver_phone as driver_p8_1_,
            bus0_.estimated_arrival as estimate9_1_,
            bus0_.last_updated as last_up10_1_,
            bus0_.license_plate as license11_1_,
            bus0_.next_stop as next_st12_1_,
            bus0_.route_id as route_i16_1_,
            bus0_.speed as speed13_1_,
            bus0_.status as status14_1_ 
        from
            buses bus0_ 
        where
            bus0_.status=?
2025-08-29 12:47:52 - binding parameter [1] as [VARCHAR] - [ACTIVE]
2025-08-29 12:47:57 - 
    /* select
        generatedAlias0 
    from
        Bus as generatedAlias0 
    where
        generatedAlias0.status=:param0 */ select
            bus0_.id as id1_1_,
            bus0_.bus_number as bus_numb2_1_,
            bus0_.capacity as capacity3_1_,
            bus0_.current_latitude as current_4_1_,
            bus0_.current_longitude as current_5_1_,
            bus0_.current_passengers as current_6_1_,
            bus0_.driver_id as driver_15_1_,
            bus0_.driver_name as driver_n7_1_,
            bus0_.driver_phone as driver_p8_1_,
            bus0_.estimated_arrival as estimate9_1_,
            bus0_.last_updated as last_up10_1_,
            bus0_.license_plate as license11_1_,
            bus0_.next_stop as next_st12_1_,
            bus0_.route_id as route_i16_1_,
            bus0_.speed as speed13_1_,
            bus0_.status as status14_1_ 
        from
            buses bus0_ 
        where
            bus0_.status=?
2025-08-29 12:47:57 - binding parameter [1] as [VARCHAR] - [ACTIVE]
2025-08-29 12:48:01 - 
    /* select
        generatedAlias0 
    from
        Bus as generatedAlias0 
    where
        generatedAlias0.status=:param0 */ select
            bus0_.id as id1_1_,
            bus0_.bus_number as bus_numb2_1_,
            bus0_.capacity as capacity3_1_,
            bus0_.current_latitude as current_4_1_,
            bus0_.current_longitude as current_5_1_,
            bus0_.current_passengers as current_6_1_,
            bus0_.driver_id as driver_15_1_,
            bus0_.driver_name as driver_n7_1_,
            bus0_.driver_phone as driver_p8_1_,
            bus0_.estimated_arrival as estimate9_1_,
            bus0_.last_updated as last_up10_1_,
            bus0_.license_plate as license11_1_,
            bus0_.next_stop as next_st12_1_,
            bus0_.route_id as route_i16_1_,
            bus0_.speed as speed13_1_,
            bus0_.status as status14_1_ 
        from
            buses bus0_ 
        where
            bus0_.status=?
2025-08-29 12:48:01 - binding parameter [1] as [VARCHAR] - [ACTIVE]
2025-08-29 12:48:02 - 
    /* select
        generatedAlias0 
    from
        Bus as generatedAlias0 
    where
        generatedAlias0.status=:param0 */ select
            bus0_.id as id1_1_,
            bus0_.bus_number as bus_numb2_1_,
            bus0_.capacity as capacity3_1_,
            bus0_.current_latitude as current_4_1_,
            bus0_.current_longitude as current_5_1_,
            bus0_.current_passengers as current_6_1_,
            bus0_.driver_id as driver_15_1_,
            bus0_.driver_name as driver_n7_1_,
            bus0_.driver_phone as driver_p8_1_,
            bus0_.estimated_arrival as estimate9_1_,
            bus0_.last_updated as last_up10_1_,
            bus0_.license_plate as license11_1_,
            bus0_.next_stop as next_st12_1_,
            bus0_.route_id as route_i16_1_,
            bus0_.speed as speed13_1_,
            bus0_.status as status14_1_ 
        from
            buses bus0_ 
        where
            bus0_.status=?
2025-08-29 12:48:02 - binding parameter [1] as [VARCHAR] - [ACTIVE]
2025-08-29 12:48:07 - 
    /* select
        generatedAlias0 
    from
        Bus as generatedAlias0 
    where
        generatedAlias0.status=:param0 */ select
            bus0_.id as id1_1_,
            bus0_.bus_number as bus_numb2_1_,
            bus0_.capacity as capacity3_1_,
            bus0_.current_latitude as current_4_1_,
            bus0_.current_longitude as current_5_1_,
            bus0_.current_passengers as current_6_1_,
            bus0_.driver_id as driver_15_1_,
            bus0_.driver_name as driver_n7_1_,
            bus0_.driver_phone as driver_p8_1_,
            bus0_.estimated_arrival as estimate9_1_,
            bus0_.last_updated as last_up10_1_,
            bus0_.license_plate as license11_1_,
            bus0_.next_stop as next_st12_1_,
            bus0_.route_id as route_i16_1_,
            bus0_.speed as speed13_1_,
            bus0_.status as status14_1_ 
        from
            buses bus0_ 
        where
            bus0_.status=?
2025-08-29 12:48:07 - binding parameter [1] as [VARCHAR] - [ACTIVE]
2025-08-29 12:48:12 - 
    /* select
        generatedAlias0 
    from
        Bus as generatedAlias0 
    where
        generatedAlias0.status=:param0 */ select
            bus0_.id as id1_1_,
            bus0_.bus_number as bus_numb2_1_,
            bus0_.capacity as capacity3_1_,
            bus0_.current_latitude as current_4_1_,
            bus0_.current_longitude as current_5_1_,
            bus0_.current_passengers as current_6_1_,
            bus0_.driver_id as driver_15_1_,
            bus0_.driver_name as driver_n7_1_,
            bus0_.driver_phone as driver_p8_1_,
            bus0_.estimated_arrival as estimate9_1_,
            bus0_.last_updated as last_up10_1_,
            bus0_.license_plate as license11_1_,
            bus0_.next_stop as next_st12_1_,
            bus0_.route_id as route_i16_1_,
            bus0_.speed as speed13_1_,
            bus0_.status as status14_1_ 
        from
            buses bus0_ 
        where
            bus0_.status=?
2025-08-29 12:48:12 - binding parameter [1] as [VARCHAR] - [ACTIVE]
2025-08-29 12:48:12 - 
    /* select
        generatedAlias0 
    from
        Bus as generatedAlias0 
    where
        generatedAlias0.status=:param0 */ select
            bus0_.id as id1_1_,
            bus0_.bus_number as bus_numb2_1_,
            bus0_.capacity as capacity3_1_,
            bus0_.current_latitude as current_4_1_,
            bus0_.current_longitude as current_5_1_,
            bus0_.current_passengers as current_6_1_,
            bus0_.driver_id as driver_15_1_,
            bus0_.driver_name as driver_n7_1_,
            bus0_.driver_phone as driver_p8_1_,
            bus0_.estimated_arrival as estimate9_1_,
            bus0_.last_updated as last_up10_1_,
            bus0_.license_plate as license11_1_,
            bus0_.next_stop as next_st12_1_,
            bus0_.route_id as route_i16_1_,
            bus0_.speed as speed13_1_,
            bus0_.status as status14_1_ 
        from
            buses bus0_ 
        where
            bus0_.status=?
2025-08-29 12:48:12 - binding parameter [1] as [VARCHAR] - [ACTIVE]
2025-08-29 12:48:17 - 
    /* select
        generatedAlias0 
    from
        Bus as generatedAlias0 
    where
        generatedAlias0.status=:param0 */ select
            bus0_.id as id1_1_,
            bus0_.bus_number as bus_numb2_1_,
            bus0_.capacity as capacity3_1_,
            bus0_.current_latitude as current_4_1_,
            bus0_.current_longitude as current_5_1_,
            bus0_.current_passengers as current_6_1_,
            bus0_.driver_id as driver_15_1_,
            bus0_.driver_name as driver_n7_1_,
            bus0_.driver_phone as driver_p8_1_,
            bus0_.estimated_arrival as estimate9_1_,
            bus0_.last_updated as last_up10_1_,
            bus0_.license_plate as license11_1_,
            bus0_.next_stop as next_st12_1_,
            bus0_.route_id as route_i16_1_,
            bus0_.speed as speed13_1_,
            bus0_.status as status14_1_ 
        from
            buses bus0_ 
        where
            bus0_.status=?
2025-08-29 12:48:17 - binding parameter [1] as [VARCHAR] - [ACTIVE]
2025-08-29 12:48:22 - 
    /* select
        generatedAlias0 
    from
        Bus as generatedAlias0 
    where
        generatedAlias0.status=:param0 */ select
            bus0_.id as id1_1_,
            bus0_.bus_number as bus_numb2_1_,
            bus0_.capacity as capacity3_1_,
            bus0_.current_latitude as current_4_1_,
            bus0_.current_longitude as current_5_1_,
            bus0_.current_passengers as current_6_1_,
            bus0_.driver_id as driver_15_1_,
            bus0_.driver_name as driver_n7_1_,
            bus0_.driver_phone as driver_p8_1_,
            bus0_.estimated_arrival as estimate9_1_,
            bus0_.last_updated as last_up10_1_,
            bus0_.license_plate as license11_1_,
            bus0_.next_stop as next_st12_1_,
            bus0_.route_id as route_i16_1_,
            bus0_.speed as speed13_1_,
            bus0_.status as status14_1_ 
        from
            buses bus0_ 
        where
            bus0_.status=?
2025-08-29 12:48:22 - binding parameter [1] as [VARCHAR] - [ACTIVE]
2025-08-29 12:48:22 - 
    /* select
        generatedAlias0 
    from
        Bus as generatedAlias0 
    where
        generatedAlias0.status=:param0 */ select
            bus0_.id as id1_1_,
            bus0_.bus_number as bus_numb2_1_,
            bus0_.capacity as capacity3_1_,
            bus0_.current_latitude as current_4_1_,
            bus0_.current_longitude as current_5_1_,
            bus0_.current_passengers as current_6_1_,
            bus0_.driver_id as driver_15_1_,
            bus0_.driver_name as driver_n7_1_,
            bus0_.driver_phone as driver_p8_1_,
            bus0_.estimated_arrival as estimate9_1_,
            bus0_.last_updated as last_up10_1_,
            bus0_.license_plate as license11_1_,
            bus0_.next_stop as next_st12_1_,
            bus0_.route_id as route_i16_1_,
            bus0_.speed as speed13_1_,
            bus0_.status as status14_1_ 
        from
            buses bus0_ 
        where
            bus0_.status=?
2025-08-29 12:48:22 - binding parameter [1] as [VARCHAR] - [ACTIVE]
2025-08-29 12:48:27 - 
    /* select
        generatedAlias0 
    from
        Bus as generatedAlias0 
    where
        generatedAlias0.status=:param0 */ select
            bus0_.id as id1_1_,
            bus0_.bus_number as bus_numb2_1_,
            bus0_.capacity as capacity3_1_,
            bus0_.current_latitude as current_4_1_,
            bus0_.current_longitude as current_5_1_,
            bus0_.current_passengers as current_6_1_,
            bus0_.driver_id as driver_15_1_,
            bus0_.driver_name as driver_n7_1_,
            bus0_.driver_phone as driver_p8_1_,
            bus0_.estimated_arrival as estimate9_1_,
            bus0_.last_updated as last_up10_1_,
            bus0_.license_plate as license11_1_,
            bus0_.next_stop as next_st12_1_,
            bus0_.route_id as route_i16_1_,
            bus0_.speed as speed13_1_,
            bus0_.status as status14_1_ 
        from
            buses bus0_ 
        where
            bus0_.status=?
2025-08-29 12:48:27 - binding parameter [1] as [VARCHAR] - [ACTIVE]
2025-08-29 12:48:32 - 
    /* select
        generatedAlias0 
    from
        Bus as generatedAlias0 
    where
        generatedAlias0.status=:param0 */ select
            bus0_.id as id1_1_,
            bus0_.bus_number as bus_numb2_1_,
            bus0_.capacity as capacity3_1_,
            bus0_.current_latitude as current_4_1_,
            bus0_.current_longitude as current_5_1_,
            bus0_.current_passengers as current_6_1_,
            bus0_.driver_id as driver_15_1_,
            bus0_.driver_name as driver_n7_1_,
            bus0_.driver_phone as driver_p8_1_,
            bus0_.estimated_arrival as estimate9_1_,
            bus0_.last_updated as last_up10_1_,
            bus0_.license_plate as license11_1_,
            bus0_.next_stop as next_st12_1_,
            bus0_.route_id as route_i16_1_,
            bus0_.speed as speed13_1_,
            bus0_.status as status14_1_ 
        from
            buses bus0_ 
        where
            bus0_.status=?
2025-08-29 12:48:32 - binding parameter [1] as [VARCHAR] - [ACTIVE]
2025-08-29 12:48:32 - 
    /* select
        generatedAlias0 
    from
        Bus as generatedAlias0 
    where
        generatedAlias0.status=:param0 */ select
            bus0_.id as id1_1_,
            bus0_.bus_number as bus_numb2_1_,
            bus0_.capacity as capacity3_1_,
            bus0_.current_latitude as current_4_1_,
            bus0_.current_longitude as current_5_1_,
            bus0_.current_passengers as current_6_1_,
            bus0_.driver_id as driver_15_1_,
            bus0_.driver_name as driver_n7_1_,
            bus0_.driver_phone as driver_p8_1_,
            bus0_.estimated_arrival as estimate9_1_,
            bus0_.last_updated as last_up10_1_,
            bus0_.license_plate as license11_1_,
            bus0_.next_stop as next_st12_1_,
            bus0_.route_id as route_i16_1_,
            bus0_.speed as speed13_1_,
            bus0_.status as status14_1_ 
        from
            buses bus0_ 
        where
            bus0_.status=?
2025-08-29 12:48:32 - binding parameter [1] as [VARCHAR] - [ACTIVE]
2025-08-29 12:48:37 - 
    /* select
        generatedAlias0 
    from
        Bus as generatedAlias0 
    where
        generatedAlias0.status=:param0 */ select
            bus0_.id as id1_1_,
            bus0_.bus_number as bus_numb2_1_,
            bus0_.capacity as capacity3_1_,
            bus0_.current_latitude as current_4_1_,
            bus0_.current_longitude as current_5_1_,
            bus0_.current_passengers as current_6_1_,
            bus0_.driver_id as driver_15_1_,
            bus0_.driver_name as driver_n7_1_,
            bus0_.driver_phone as driver_p8_1_,
            bus0_.estimated_arrival as estimate9_1_,
            bus0_.last_updated as last_up10_1_,
            bus0_.license_plate as license11_1_,
            bus0_.next_stop as next_st12_1_,
            bus0_.route_id as route_i16_1_,
            bus0_.speed as speed13_1_,
            bus0_.status as status14_1_ 
        from
            buses bus0_ 
        where
            bus0_.status=?
2025-08-29 12:48:37 - binding parameter [1] as [VARCHAR] - [ACTIVE]
2025-08-29 12:48:40 - 
    /* select
        generatedAlias0 
    from
        Bus as generatedAlias0 */ select
            bus0_.id as id1_1_,
            bus0_.bus_number as bus_numb2_1_,
            bus0_.capacity as capacity3_1_,
            bus0_.current_latitude as current_4_1_,
            bus0_.current_longitude as current_5_1_,
            bus0_.current_passengers as current_6_1_,
            bus0_.driver_id as driver_15_1_,
            bus0_.driver_name as driver_n7_1_,
            bus0_.driver_phone as driver_p8_1_,
            bus0_.estimated_arrival as estimate9_1_,
            bus0_.last_updated as last_up10_1_,
            bus0_.license_plate as license11_1_,
            bus0_.next_stop as next_st12_1_,
            bus0_.route_id as route_i16_1_,
            bus0_.speed as speed13_1_,
            bus0_.status as status14_1_ 
        from
            buses bus0_
2025-08-29 12:48:42 - 
    /* select
        generatedAlias0 
    from
        Bus as generatedAlias0 
    where
        generatedAlias0.status=:param0 */ select
            bus0_.id as id1_1_,
            bus0_.bus_number as bus_numb2_1_,
            bus0_.capacity as capacity3_1_,
            bus0_.current_latitude as current_4_1_,
            bus0_.current_longitude as current_5_1_,
            bus0_.current_passengers as current_6_1_,
            bus0_.driver_id as driver_15_1_,
            bus0_.driver_name as driver_n7_1_,
            bus0_.driver_phone as driver_p8_1_,
            bus0_.estimated_arrival as estimate9_1_,
            bus0_.last_updated as last_up10_1_,
            bus0_.license_plate as license11_1_,
            bus0_.next_stop as next_st12_1_,
            bus0_.route_id as route_i16_1_,
            bus0_.speed as speed13_1_,
            bus0_.status as status14_1_ 
        from
            buses bus0_ 
        where
            bus0_.status=?
2025-08-29 12:48:42 - binding parameter [1] as [VARCHAR] - [ACTIVE]
2025-08-29 12:48:42 - 
    /* select
        generatedAlias0 
    from
        Bus as generatedAlias0 
    where
        generatedAlias0.status=:param0 */ select
            bus0_.id as id1_1_,
            bus0_.bus_number as bus_numb2_1_,
            bus0_.capacity as capacity3_1_,
            bus0_.current_latitude as current_4_1_,
            bus0_.current_longitude as current_5_1_,
            bus0_.current_passengers as current_6_1_,
            bus0_.driver_id as driver_15_1_,
            bus0_.driver_name as driver_n7_1_,
            bus0_.driver_phone as driver_p8_1_,
            bus0_.estimated_arrival as estimate9_1_,
            bus0_.last_updated as last_up10_1_,
            bus0_.license_plate as license11_1_,
            bus0_.next_stop as next_st12_1_,
            bus0_.route_id as route_i16_1_,
            bus0_.speed as speed13_1_,
            bus0_.status as status14_1_ 
        from
            buses bus0_ 
        where
            bus0_.status=?
2025-08-29 12:48:42 - binding parameter [1] as [VARCHAR] - [ACTIVE]
2025-08-29 12:48:47 - 
    /* select
        generatedAlias0 
    from
        Bus as generatedAlias0 
    where
        generatedAlias0.status=:param0 */ select
            bus0_.id as id1_1_,
            bus0_.bus_number as bus_numb2_1_,
            bus0_.capacity as capacity3_1_,
            bus0_.current_latitude as current_4_1_,
            bus0_.current_longitude as current_5_1_,
            bus0_.current_passengers as current_6_1_,
            bus0_.driver_id as driver_15_1_,
            bus0_.driver_name as driver_n7_1_,
            bus0_.driver_phone as driver_p8_1_,
            bus0_.estimated_arrival as estimate9_1_,
            bus0_.last_updated as last_up10_1_,
            bus0_.license_plate as license11_1_,
            bus0_.next_stop as next_st12_1_,
            bus0_.route_id as route_i16_1_,
            bus0_.speed as speed13_1_,
            bus0_.status as status14_1_ 
        from
            buses bus0_ 
        where
            bus0_.status=?
2025-08-29 12:48:47 - binding parameter [1] as [VARCHAR] - [ACTIVE]
2025-08-29 12:48:51 - 
    /* select
        generatedAlias0 
    from
        Bus as generatedAlias0 */ select
            bus0_.id as id1_1_,
            bus0_.bus_number as bus_numb2_1_,
            bus0_.capacity as capacity3_1_,
            bus0_.current_latitude as current_4_1_,
            bus0_.current_longitude as current_5_1_,
            bus0_.current_passengers as current_6_1_,
            bus0_.driver_id as driver_15_1_,
            bus0_.driver_name as driver_n7_1_,
            bus0_.driver_phone as driver_p8_1_,
            bus0_.estimated_arrival as estimate9_1_,
            bus0_.last_updated as last_up10_1_,
            bus0_.license_plate as license11_1_,
            bus0_.next_stop as next_st12_1_,
            bus0_.route_id as route_i16_1_,
            bus0_.speed as speed13_1_,
            bus0_.status as status14_1_ 
        from
            buses bus0_
2025-08-29 12:48:52 - 
    /* select
        generatedAlias0 
    from
        Bus as generatedAlias0 
    where
        generatedAlias0.status=:param0 */ select
            bus0_.id as id1_1_,
            bus0_.bus_number as bus_numb2_1_,
            bus0_.capacity as capacity3_1_,
            bus0_.current_latitude as current_4_1_,
            bus0_.current_longitude as current_5_1_,
            bus0_.current_passengers as current_6_1_,
            bus0_.driver_id as driver_15_1_,
            bus0_.driver_name as driver_n7_1_,
            bus0_.driver_phone as driver_p8_1_,
            bus0_.estimated_arrival as estimate9_1_,
            bus0_.last_updated as last_up10_1_,
            bus0_.license_plate as license11_1_,
            bus0_.next_stop as next_st12_1_,
            bus0_.route_id as route_i16_1_,
            bus0_.speed as speed13_1_,
            bus0_.status as status14_1_ 
        from
            buses bus0_ 
        where
            bus0_.status=?
2025-08-29 12:48:52 - binding parameter [1] as [VARCHAR] - [ACTIVE]
2025-08-29 12:48:52 - 
    /* select
        generatedAlias0 
    from
        Bus as generatedAlias0 
    where
        generatedAlias0.status=:param0 */ select
            bus0_.id as id1_1_,
            bus0_.bus_number as bus_numb2_1_,
            bus0_.capacity as capacity3_1_,
            bus0_.current_latitude as current_4_1_,
            bus0_.current_longitude as current_5_1_,
            bus0_.current_passengers as current_6_1_,
            bus0_.driver_id as driver_15_1_,
            bus0_.driver_name as driver_n7_1_,
            bus0_.driver_phone as driver_p8_1_,
            bus0_.estimated_arrival as estimate9_1_,
            bus0_.last_updated as last_up10_1_,
            bus0_.license_plate as license11_1_,
            bus0_.next_stop as next_st12_1_,
            bus0_.route_id as route_i16_1_,
            bus0_.speed as speed13_1_,
            bus0_.status as status14_1_ 
        from
            buses bus0_ 
        where
            bus0_.status=?
2025-08-29 12:48:52 - binding parameter [1] as [VARCHAR] - [ACTIVE]
2025-08-29 12:48:57 - 
    /* select
        generatedAlias0 
    from
        Bus as generatedAlias0 
    where
        generatedAlias0.status=:param0 */ select
            bus0_.id as id1_1_,
            bus0_.bus_number as bus_numb2_1_,
            bus0_.capacity as capacity3_1_,
            bus0_.current_latitude as current_4_1_,
            bus0_.current_longitude as current_5_1_,
            bus0_.current_passengers as current_6_1_,
            bus0_.driver_id as driver_15_1_,
            bus0_.driver_name as driver_n7_1_,
            bus0_.driver_phone as driver_p8_1_,
            bus0_.estimated_arrival as estimate9_1_,
            bus0_.last_updated as last_up10_1_,
            bus0_.license_plate as license11_1_,
            bus0_.next_stop as next_st12_1_,
            bus0_.route_id as route_i16_1_,
            bus0_.speed as speed13_1_,
            bus0_.status as status14_1_ 
        from
            buses bus0_ 
        where
            bus0_.status=?
2025-08-29 12:48:57 - binding parameter [1] as [VARCHAR] - [ACTIVE]
2025-08-29 12:49:02 - 
    /* select
        generatedAlias0 
    from
        Bus as generatedAlias0 
    where
        generatedAlias0.status=:param0 */ select
            bus0_.id as id1_1_,
            bus0_.bus_number as bus_numb2_1_,
            bus0_.capacity as capacity3_1_,
            bus0_.current_latitude as current_4_1_,
            bus0_.current_longitude as current_5_1_,
            bus0_.current_passengers as current_6_1_,
            bus0_.driver_id as driver_15_1_,
            bus0_.driver_name as driver_n7_1_,
            bus0_.driver_phone as driver_p8_1_,
            bus0_.estimated_arrival as estimate9_1_,
            bus0_.last_updated as last_up10_1_,
            bus0_.license_plate as license11_1_,
            bus0_.next_stop as next_st12_1_,
            bus0_.route_id as route_i16_1_,
            bus0_.speed as speed13_1_,
            bus0_.status as status14_1_ 
        from
            buses bus0_ 
        where
            bus0_.status=?
2025-08-29 12:49:02 - binding parameter [1] as [VARCHAR] - [ACTIVE]
2025-08-29 12:49:02 - 
    /* select
        generatedAlias0 
    from
        Bus as generatedAlias0 
    where
        generatedAlias0.status=:param0 */ select
            bus0_.id as id1_1_,
            bus0_.bus_number as bus_numb2_1_,
            bus0_.capacity as capacity3_1_,
            bus0_.current_latitude as current_4_1_,
            bus0_.current_longitude as current_5_1_,
            bus0_.current_passengers as current_6_1_,
            bus0_.driver_id as driver_15_1_,
            bus0_.driver_name as driver_n7_1_,
            bus0_.driver_phone as driver_p8_1_,
            bus0_.estimated_arrival as estimate9_1_,
            bus0_.last_updated as last_up10_1_,
            bus0_.license_plate as license11_1_,
            bus0_.next_stop as next_st12_1_,
            bus0_.route_id as route_i16_1_,
            bus0_.speed as speed13_1_,
            bus0_.status as status14_1_ 
        from
            buses bus0_ 
        where
            bus0_.status=?
2025-08-29 12:49:02 - binding parameter [1] as [VARCHAR] - [ACTIVE]
2025-08-29 12:49:07 - 
    /* select
        generatedAlias0 
    from
        Bus as generatedAlias0 
    where
        generatedAlias0.status=:param0 */ select
            bus0_.id as id1_1_,
            bus0_.bus_number as bus_numb2_1_,
            bus0_.capacity as capacity3_1_,
            bus0_.current_latitude as current_4_1_,
            bus0_.current_longitude as current_5_1_,
            bus0_.current_passengers as current_6_1_,
            bus0_.driver_id as driver_15_1_,
            bus0_.driver_name as driver_n7_1_,
            bus0_.driver_phone as driver_p8_1_,
            bus0_.estimated_arrival as estimate9_1_,
            bus0_.last_updated as last_up10_1_,
            bus0_.license_plate as license11_1_,
            bus0_.next_stop as next_st12_1_,
            bus0_.route_id as route_i16_1_,
            bus0_.speed as speed13_1_,
            bus0_.status as status14_1_ 
        from
            buses bus0_ 
        where
            bus0_.status=?
2025-08-29 12:49:07 - binding parameter [1] as [VARCHAR] - [ACTIVE]
